0 info it worked if it ends with ok
1 verbose cli [ '/usr/local/bin/node', '/usr/local/bin/npm', 'install', '-g' ]
2 info using npm@3.10.9
3 info using node@v6.9.2
4 silly loadCurrentTree Starting
5 silly install loadCurrentTree
6 silly install readGlobalPackageData
7 silly fetchPackageMetaData .
8 silly fetchOtherPackageData .
9 silly cache add args [ '.', null ]
10 verbose cache add spec .
11 silly cache add parsed spec Result {
11 silly cache add   raw: '.',
11 silly cache add   scope: null,
11 silly cache add   escapedName: null,
11 silly cache add   name: null,
11 silly cache add   rawSpec: '.',
11 silly cache add   spec: '/Users/woowahan/Documents/git/markdown-tistory/bin',
11 silly cache add   type: 'local' }
12 error addLocal Could not install /Users/woowahan/Documents/git/markdown-tistory/bin
13 silly fetchPackageMetaData Error: EISDIR: illegal operation on a directory, read
13 silly fetchPackageMetaData     at Error (native)
13 silly fetchPackageMetaData  error for . { Error: EISDIR: illegal operation on a directory, read
13 silly fetchPackageMetaData     at Error (native) errno: -21, code: 'EISDIR', syscall: 'read' }
14 silly rollbackFailedOptional Starting
15 silly rollbackFailedOptional Finishing
16 silly runTopLevelLifecycles Finishing
17 silly install printInstalled
18 verbose stack Error: EISDIR: illegal operation on a directory, read
18 verbose stack     at Error (native)
19 verbose cwd /Users/woowahan/Documents/git/markdown-tistory/bin
20 error Darwin 16.3.0
21 error argv "/usr/local/bin/node" "/usr/local/bin/npm" "install" "-g"
22 error node v6.9.2
23 error npm  v3.10.9
24 error code EISDIR
25 error errno -21
26 error syscall read
27 error eisdir EISDIR: illegal operation on a directory, read
28 error eisdir This is most likely not a problem with npm itself
28 error eisdir and is related to npm not being able to find a package.json in
28 error eisdir a package you are trying to install.
29 verbose exit [ -21, true ]
